\BOOKMARK [1][-]{section.1}{\376\377\000I\000n\000t\000r\000o\000d\000u\000c\000c\000i\000\363\000n}{}% 1
\BOOKMARK [1][-]{section.2}{\376\377\000E\000n\000c\000u\000e\000s\000t\000a}{}% 2
\BOOKMARK [2][-]{subsection.2.1}{\376\377\000D\000e\000s\000c\000r\000i\000p\000c\000i\000\363\000n\000\040\000y\000\040\000p\000r\000e\000g\000u\000n\000t\000a\000s}{section.2}% 3
\BOOKMARK [2][-]{subsection.2.2}{\376\377\000D\000i\000f\000u\000s\000i\000\363\000n\000\040\000y\000\040\000r\000e\000s\000p\000u\000e\000s\000t\000a\000s\000\040\000o\000b\000t\000e\000n\000i\000d\000a\000s}{section.2}% 4
\BOOKMARK [1][-]{section.3}{\376\377\000I\000n\000f\000o\000g\000r\000a\000f\000\355\000a\000\040\000g\000r\000u\000p\000a\000l}{}% 5
\BOOKMARK [1][-]{section.4}{\376\377\000T\000r\000a\000b\000a\000j\000o\000\040\000i\000n\000d\000i\000v\000i\000d\000u\000a\000l\000\040\040\023\000\040\000I\000n\000t\000e\000g\000r\000a\000n\000t\000e\000\040\0001\000:\000\040\000A\000l\000e\000x\000i\000s\000\040\000M\000e\000l\000l\000i\000s}{}% 6
\BOOKMARK [2][-]{subsection.4.1}{\376\377\000C\000r\000i\000t\000e\000r\000i\000o\000s\000\040\000s\000e\000l\000e\000c\000c\000i\000o\000n\000a\000d\000o\000s}{section.4}% 7
\BOOKMARK [2][-]{subsection.4.2}{\376\377\000J\000u\000s\000t\000i\000f\000i\000c\000a\000c\000i\000\363\000n\000\040\000d\000e\000\040\000l\000o\000s\000\040\000c\000r\000i\000t\000e\000r\000i\000o\000s}{section.4}% 8
\BOOKMARK [2][-]{subsection.4.3}{\376\377\000V\000i\000s\000u\000a\000l\000i\000z\000a\000c\000i\000\363\000n\000\040\0001}{section.4}% 9
\BOOKMARK [2][-]{subsection.4.4}{\376\377\000V\000i\000s\000u\000a\000l\000i\000z\000a\000c\000i\000\363\000n\000\040\0002}{section.4}% 10
\BOOKMARK [1][-]{section.5}{\376\377\000T\000r\000a\000b\000a\000j\000o\000\040\000i\000n\000d\000i\000v\000i\000d\000u\000a\000l\000\040\040\023\000\040\000I\000n\000t\000e\000g\000r\000a\000n\000t\000e\000\040\0002\000:\000\040\000A\000n\000d\000r\000\351\000s\000\040\000\301\000g\000u\000i\000l\000a}{}% 11
\BOOKMARK [2][-]{subsection.5.1}{\376\377\000C\000r\000i\000t\000e\000r\000i\000o\000s\000\040\000s\000e\000l\000e\000c\000c\000i\000o\000n\000a\000d\000o\000s}{section.5}% 12
\BOOKMARK [2][-]{subsection.5.2}{\376\377\000J\000u\000s\000t\000i\000f\000i\000c\000a\000c\000i\000\363\000n\000\040\000d\000e\000\040\000l\000o\000s\000\040\000c\000r\000i\000t\000e\000r\000i\000o\000s}{section.5}% 13
\BOOKMARK [2][-]{subsection.5.3}{\376\377\000V\000i\000s\000u\000a\000l\000i\000z\000a\000c\000i\000\363\000n\000\040\0003}{section.5}% 14
\BOOKMARK [2][-]{subsection.5.4}{\376\377\000V\000i\000s\000u\000a\000l\000i\000z\000a\000c\000i\000\363\000n\000\040\0004}{section.5}% 15
\BOOKMARK [1][-]{section.6}{\376\377\000T\000r\000a\000b\000a\000j\000o\000\040\000g\000r\000u\000p\000a\000l\000\040\040\023\000\040\000V\000i\000s\000u\000a\000l\000i\000z\000a\000c\000i\000\363\000n\000\040\000c\000o\000n\000\040\000I\000A\000\040\000g\000e\000n\000e\000r\000a\000t\000i\000v\000a}{}% 16
\BOOKMARK [2][-]{subsection.6.1}{\376\377\000H\000e\000r\000r\000a\000m\000i\000e\000n\000t\000a\000\040\000u\000t\000i\000l\000i\000z\000a\000d\000a}{section.6}% 17
\BOOKMARK [2][-]{subsection.6.2}{\376\377\000P\000r\000o\000m\000p\000t\000\040\000u\000t\000i\000l\000i\000z\000a\000d\000o}{section.6}% 18
\BOOKMARK [2][-]{subsection.6.3}{\376\377\000C\000\363\000d\000i\000g\000o\000\040\000g\000e\000n\000e\000r\000a\000d\000o}{section.6}% 19
\BOOKMARK [2][-]{subsection.6.4}{\376\377\000M\000o\000d\000i\000f\000i\000c\000a\000c\000i\000o\000n\000e\000s\000\040\000r\000e\000a\000l\000i\000z\000a\000d\000a\000s}{section.6}% 20
\BOOKMARK [2][-]{subsection.6.5}{\376\377\000V\000i\000s\000u\000a\000l\000i\000z\000a\000c\000i\000\363\000n\000\040\000g\000r\000u\000p\000a\000l}{section.6}% 21
\BOOKMARK [1][-]{section.7}{\376\377\000C\000o\000n\000c\000l\000u\000s\000i\000o\000n\000e\000s\000\040\000g\000e\000n\000e\000r\000a\000l\000e\000s}{}% 22
\BOOKMARK [1][-]{section.8}{\376\377\000R\000e\000p\000o\000s\000i\000t\000o\000r\000i\000o\000\040\000d\000e\000\040\000G\000i\000t\000H\000u\000b}{}% 23
